Analysis & Synthesis report for Timer24s
Fri Nov 27 21:25:45 2020
Quartus Prime Version 20.1.0 Build 711 06/05/2020 SJ Lite Edition


---------------------
; Table of Contents ;
---------------------
  1. Legal Notice
  2. Analysis & Synthesis Summary
  3. Analysis & Synthesis Settings
  4. Parallel Compilation
  5. Analysis & Synthesis Source Files Read
  6. Analysis & Synthesis Resource Usage Summary
  7. Analysis & Synthesis Resource Utilization by Entity
  8. User-Specified and Inferred Latches
  9. General Register Statistics
 10. Post-Synthesis Netlist Statistics for Top Partition
 11. Elapsed Time Per Partition
 12. Analysis & Synthesis Messages
 13. Analysis & Synthesis Suppressed Messages



----------------
; Legal Notice ;
----------------
Copyright (C) 2020  Intel Corporation. All rights reserved.
Your use of Intel Corporation's design tools, logic functions 
and other software and tools, and any partner logic 
functions, and any output files from any of the foregoing 
(including device programming or simulation files), and any 
associated documentation or information are expressly subject 
to the terms and conditions of the Intel Program License 
Subscription Agreement, the Intel Quartus Prime License Agreement,
the Intel FPGA IP License Agreement, or other applicable license
agreement, including, without limitation, that your use is for
the sole purpose of programming logic devices manufactured by
Intel and sold by Intel or its authorized distributors.  Please
refer to the applicable agreement for further details, at
https://fpgasoftware.intel.com/eula.



+----------------------------------------------------------------------------------+
; Analysis & Synthesis Summary                                                     ;
+------------------------------------+---------------------------------------------+
; Analysis & Synthesis Status        ; Successful - Fri Nov 27 21:25:45 2020       ;
; Quartus Prime Version              ; 20.1.0 Build 711 06/05/2020 SJ Lite Edition ;
; Revision Name                      ; Timer24s                                    ;
; Top-level Entity Name              ; Timer24s                                    ;
; Family                             ; MAX 10                                      ;
; Total logic elements               ; 88                                          ;
;     Total combinational functions  ; 88                                          ;
;     Dedicated logic registers      ; 31                                          ;
; Total registers                    ; 31                                          ;
; Total pins                         ; 20                                          ;
; Total virtual pins                 ; 0                                           ;
; Total memory bits                  ; 0                                           ;
; Embedded Multiplier 9-bit elements ; 0                                           ;
; Total PLLs                         ; 0                                           ;
; UFM blocks                         ; 0                                           ;
; ADC blocks                         ; 0                                           ;
+------------------------------------+---------------------------------------------+


+------------------------------------------------------------------------------------------------------------+
; Analysis & Synthesis Settings                                                                              ;
+------------------------------------------------------------------+--------------------+--------------------+
; Option                                                           ; Setting            ; Default Value      ;
+------------------------------------------------------------------+--------------------+--------------------+
; Device                                                           ; 10M02SCM153I7G     ;                    ;
; Top-level entity name                                            ; Timer24s           ; Timer24s           ;
; Family name                                                      ; MAX 10             ; Cyclone V          ;
; Use smart compilation                                            ; Off                ; Off                ;
; Enable parallel Assembler and Timing Analyzer during compilation ; On                 ; On                 ;
; Enable compact report table                                      ; Off                ; Off                ;
; Restructure Multiplexers                                         ; Auto               ; Auto               ;
; Create Debugging Nodes for IP Cores                              ; Off                ; Off                ;
; Preserve fewer node names                                        ; On                 ; On                 ;
; Intel FPGA IP Evaluation Mode                                    ; Enable             ; Enable             ;
; Verilog Version                                                  ; Verilog_2001       ; Verilog_2001       ;
; VHDL Version                                                     ; VHDL_1993          ; VHDL_1993          ;
; State Machine Processing                                         ; Auto               ; Auto               ;
; Safe State Machine                                               ; Off                ; Off                ;
; Extract Verilog State Machines                                   ; On                 ; On                 ;
; Extract VHDL State Machines                                      ; On                 ; On                 ;
; Ignore Verilog initial constructs                                ; Off                ; Off                ;
; Iteration limit for constant Verilog loops                       ; 5000               ; 5000               ;
; Iteration limit for non-constant Verilog loops                   ; 250                ; 250                ;
; Add Pass-Through Logic to Inferred RAMs                          ; On                 ; On                 ;
; Infer RAMs from Raw Logic                                        ; On                 ; On                 ;
; Parallel Synthesis                                               ; On                 ; On                 ;
; DSP Block Balancing                                              ; Auto               ; Auto               ;
; NOT Gate Push-Back                                               ; On                 ; On                 ;
; Power-Up Don't Care                                              ; On                 ; On                 ;
; Remove Redundant Logic Cells                                     ; Off                ; Off                ;
; Remove Duplicate Registers                                       ; On                 ; On                 ;
; Ignore CARRY Buffers                                             ; Off                ; Off                ;
; Ignore CASCADE Buffers                                           ; Off                ; Off                ;
; Ignore GLOBAL Buffers                                            ; Off                ; Off                ;
; Ignore ROW GLOBAL Buffers                                        ; Off                ; Off                ;
; Ignore LCELL Buffers                                             ; Off                ; Off                ;
; Ignore SOFT Buffers                                              ; On                 ; On                 ;
; Limit AHDL Integers to 32 Bits                                   ; Off                ; Off                ;
; Optimization Technique                                           ; Balanced           ; Balanced           ;
; Carry Chain Length                                               ; 70                 ; 70                 ;
; Auto Carry Chains                                                ; On                 ; On                 ;
; Auto Open-Drain Pins                                             ; On                 ; On                 ;
; Perform WYSIWYG Primitive Resynthesis                            ; Off                ; Off                ;
; Auto ROM Replacement                                             ; On                 ; On                 ;
; Auto RAM Replacement                                             ; On                 ; On                 ;
; Auto DSP Block Replacement                                       ; On                 ; On                 ;
; Auto Shift Register Replacement                                  ; Auto               ; Auto               ;
; Allow Shift Register Merging across Hierarchies                  ; Auto               ; Auto               ;
; Auto Clock Enable Replacement                                    ; On                 ; On                 ;
; Strict RAM Replacement                                           ; Off                ; Off                ;
; Allow Synchronous Control Signals                                ; On                 ; On                 ;
; Force Use of Synchronous Clear Signals                           ; Off                ; Off                ;
; Auto RAM Block Balancing                                         ; On                 ; On                 ;
; Auto RAM to Logic Cell Conversion                                ; Off                ; Off                ;
; Auto Resource Sharing                                            ; Off                ; Off                ;
; Allow Any RAM Size For Recognition                               ; Off                ; Off                ;
; Allow Any ROM Size For Recognition                               ; Off                ; Off                ;
; Allow Any Shift Register Size For Recognition                    ; Off                ; Off                ;
; Use LogicLock Constraints during Resource Balancing              ; On                 ; On                 ;
; Ignore translate_off and synthesis_off directives                ; Off                ; Off                ;
; Timing-Driven Synthesis                                          ; On                 ; On                 ;
; Report Parameter Settings                                        ; On                 ; On                 ;
; Report Source Assignments                                        ; On                 ; On                 ;
; Report Connectivity Checks                                       ; On                 ; On                 ;
; Ignore Maximum Fan-Out Assignments                               ; Off                ; Off                ;
; Synchronization Register Chain Length                            ; 2                  ; 2                  ;
; Power Optimization During Synthesis                              ; Normal compilation ; Normal compilation ;
; HDL message level                                                ; Level2             ; Level2             ;
; Suppress Register Optimization Related Messages                  ; Off                ; Off                ;
; Number of Removed Registers Reported in Synthesis Report         ; 5000               ; 5000               ;
; Number of Swept Nodes Reported in Synthesis Report               ; 5000               ; 5000               ;
; Number of Inverted Registers Reported in Synthesis Report        ; 100                ; 100                ;
; Clock MUX Protection                                             ; On                 ; On                 ;
; Auto Gated Clock Conversion                                      ; Off                ; Off                ;
; Block Design Naming                                              ; Auto               ; Auto               ;
; SDC constraint protection                                        ; Off                ; Off                ;
; Synthesis Effort                                                 ; Auto               ; Auto               ;
; Shift Register Replacement - Allow Asynchronous Clear Signal     ; On                 ; On                 ;
; Pre-Mapping Resynthesis Optimization                             ; Off                ; Off                ;
; Analysis & Synthesis Message Level                               ; Medium             ; Medium             ;
; Disable Register Merging Across Hierarchies                      ; Auto               ; Auto               ;
; Resource Aware Inference For Block RAM                           ; On                 ; On                 ;
+------------------------------------------------------------------+--------------------+--------------------+


+------------------------------------------+
; Parallel Compilation                     ;
+----------------------------+-------------+
; Processors                 ; Number      ;
+----------------------------+-------------+
; Number detected on machine ; 12          ;
; Maximum allowed            ; 6           ;
;                            ;             ;
; Average used               ; 1.00        ;
; Maximum used               ; 6           ;
;                            ;             ;
; Usage by Processor         ; % Time Used ;
;     Processor 1            ; 100.0%      ;
;     Processors 2-6         ;   0.0%      ;
+----------------------------+-------------+


+----------------------------------------------------------------------------------------------------------------------------------------+
; Analysis & Synthesis Source Files Read                                                                                                 ;
+----------------------------------+-----------------+------------------------+------------------------------------------------+---------+
; File Name with User-Entered Path ; Used in Netlist ; File Type              ; File Name with Absolute Path                   ; Library ;
+----------------------------------+-----------------+------------------------+------------------------------------------------+---------+
; Timer24s.v                       ; yes             ; User Verilog HDL File  ; D:/QuartusProjects/20201127Timer24s/Timer24s.v ;         ;
+----------------------------------+-----------------+------------------------+------------------------------------------------+---------+


+---------------------------------------------------------+
; Analysis & Synthesis Resource Usage Summary             ;
+---------------------------------------------+-----------+
; Resource                                    ; Usage     ;
+---------------------------------------------+-----------+
; Estimated Total logic elements              ; 88        ;
;                                             ;           ;
; Total combinational functions               ; 88        ;
; Logic element usage by number of LUT inputs ;           ;
;     -- 4 input functions                    ; 23        ;
;     -- 3 input functions                    ; 18        ;
;     -- <=2 input functions                  ; 47        ;
;                                             ;           ;
; Logic elements by mode                      ;           ;
;     -- normal mode                          ; 59        ;
;     -- arithmetic mode                      ; 29        ;
;                                             ;           ;
; Total registers                             ; 31        ;
;     -- Dedicated logic registers            ; 31        ;
;     -- I/O registers                        ; 0         ;
;                                             ;           ;
; I/O pins                                    ; 20        ;
;                                             ;           ;
; Embedded Multiplier 9-bit elements          ; 0         ;
;                                             ;           ;
; Maximum fan-out node                        ; CLK~input ;
; Maximum fan-out                             ; 31        ;
; Total fan-out                               ; 338       ;
; Average fan-out                             ; 2.13      ;
+---------------------------------------------+-----------+


+------------------------------------------------------------------------------------------------------------------------------------------------------------------------------------------------------------------------------------+
; Analysis & Synthesis Resource Utilization by Entity                                                                                                                                                                                ;
+----------------------------+---------------------+---------------------------+-------------+------------+--------------+---------+-----------+------+--------------+------------+---------------------+-------------+--------------+
; Compilation Hierarchy Node ; Combinational ALUTs ; Dedicated Logic Registers ; Memory Bits ; UFM Blocks ; DSP Elements ; DSP 9x9 ; DSP 18x18 ; Pins ; Virtual Pins ; ADC blocks ; Full Hierarchy Name ; Entity Name ; Library Name ;
+----------------------------+---------------------+---------------------------+-------------+------------+--------------+---------+-----------+------+--------------+------------+---------------------+-------------+--------------+
; |Timer24s                  ; 88 (88)             ; 31 (31)                   ; 0           ; 0          ; 0            ; 0       ; 0         ; 20   ; 0            ; 0          ; |Timer24s           ; Timer24s    ; work         ;
+----------------------------+---------------------+---------------------------+-------------+------------+--------------+---------+-----------+------+--------------+------------+---------------------+-------------+--------------+
Note: For table entries with two numbers listed, the numbers in parentheses indicate the number of resources of the given type used by the specific entity alone. The numbers listed outside of parentheses indicate the total resources of the given type used by the specific entity and all of its sub-entities in the hierarchy.


+----------------------------------------------------------------------------------------------------+
; User-Specified and Inferred Latches                                                                ;
+-----------------------------------------------------+---------------------+------------------------+
; Latch Name                                          ; Latch Enable Signal ; Free of Timing Hazards ;
+-----------------------------------------------------+---------------------+------------------------+
; seg1[0]                                             ; WideOr0             ; yes                    ;
; seg1[2]                                             ; WideOr0             ; yes                    ;
; seg1[3]                                             ; WideOr0             ; yes                    ;
; seg1[4]                                             ; WideOr0             ; yes                    ;
; seg1[5]                                             ; WideOr0             ; yes                    ;
; seg1[6]                                             ; WideOr0             ; yes                    ;
; seg2[0]                                             ; WideOr0             ; yes                    ;
; seg2[1]                                             ; WideOr0             ; yes                    ;
; seg2[2]                                             ; WideOr0             ; yes                    ;
; seg2[3]                                             ; WideOr0             ; yes                    ;
; seg2[4]                                             ; WideOr0             ; yes                    ;
; seg2[5]                                             ; WideOr0             ; yes                    ;
; seg2[6]                                             ; WideOr0             ; yes                    ;
; Number of user-specified and inferred latches = 13  ;                     ;                        ;
+-----------------------------------------------------+---------------------+------------------------+
Note: All latches listed above may not be present at the end of synthesis due to various synthesis optimizations.


+------------------------------------------------------+
; General Register Statistics                          ;
+----------------------------------------------+-------+
; Statistic                                    ; Value ;
+----------------------------------------------+-------+
; Total registers                              ; 31    ;
; Number of registers using Synchronous Clear  ; 0     ;
; Number of registers using Synchronous Load   ; 0     ;
; Number of registers using Asynchronous Clear ; 0     ;
; Number of registers using Asynchronous Load  ; 0     ;
; Number of registers using Clock Enable       ; 5     ;
; Number of registers using Preset             ; 0     ;
+----------------------------------------------+-------+


+-----------------------------------------------------+
; Post-Synthesis Netlist Statistics for Top Partition ;
+-----------------------+-----------------------------+
; Type                  ; Count                       ;
+-----------------------+-----------------------------+
; boundary_port         ; 20                          ;
; cycloneiii_ff         ; 31                          ;
;     ENA               ; 5                           ;
;     plain             ; 26                          ;
; cycloneiii_lcell_comb ; 90                          ;
;     arith             ; 29                          ;
;         2 data inputs ; 29                          ;
;     normal            ; 61                          ;
;         0 data inputs ; 2                           ;
;         1 data inputs ; 2                           ;
;         2 data inputs ; 16                          ;
;         3 data inputs ; 18                          ;
;         4 data inputs ; 23                          ;
;                       ;                             ;
; Max LUT depth         ; 4.30                        ;
; Average LUT depth     ; 3.05                        ;
+-----------------------+-----------------------------+


+-------------------------------+
; Elapsed Time Per Partition    ;
+----------------+--------------+
; Partition Name ; Elapsed Time ;
+----------------+--------------+
; Top            ; 00:00:00     ;
+----------------+--------------+


+-------------------------------+
; Analysis & Synthesis Messages ;
+-------------------------------+
Info: *******************************************************************
Info: Running Quartus Prime Analysis & Synthesis
    Info: Version 20.1.0 Build 711 06/05/2020 SJ Lite Edition
    Info: Processing started: Fri Nov 27 21:25:31 2020
Info: Command: quartus_map --read_settings_files=on --write_settings_files=off Timer24s -c Timer24s
Warning (18236): Number of processors has not been specified which may cause overloading on shared machines.  Set the global assignment NUM_PARALLEL_PROCESSORS in your QSF to an appropriate value for best performance.
Info (20030): Parallel compilation is enabled and will use 6 of the 6 processors detected
Info (12021): Found 1 design units, including 1 entities, in source file timer24s.v
    Info (12023): Found entity 1: Timer24s File: D:/QuartusProjects/20201127Timer24s/Timer24s.v Line: 3
Info (12127): Elaborating entity "Timer24s" for the top level hierarchy
Warning (10270): Verilog HDL Case Statement warning at Timer24s.v(54): incomplete case statement has no default case item File: D:/QuartusProjects/20201127Timer24s/Timer24s.v Line: 54
Warning (10240): Verilog HDL Always Construct warning at Timer24s.v(53): inferring latch(es) for variable "seg1", which holds its previous value in one or more paths through the always construct File: D:/QuartusProjects/20201127Timer24s/Timer24s.v Line: 53
Warning (10240): Verilog HDL Always Construct warning at Timer24s.v(53): inferring latch(es) for variable "seg2", which holds its previous value in one or more paths through the always construct File: D:/QuartusProjects/20201127Timer24s/Timer24s.v Line: 53
Info (10041): Inferred latch for "seg2[0]" at Timer24s.v(53) File: D:/QuartusProjects/20201127Timer24s/Timer24s.v Line: 53
Info (10041): Inferred latch for "seg2[1]" at Timer24s.v(53) File: D:/QuartusProjects/20201127Timer24s/Timer24s.v Line: 53
Info (10041): Inferred latch for "seg2[2]" at Timer24s.v(53) File: D:/QuartusProjects/20201127Timer24s/Timer24s.v Line: 53
Info (10041): Inferred latch for "seg2[3]" at Timer24s.v(53) File: D:/QuartusProjects/20201127Timer24s/Timer24s.v Line: 53
Info (10041): Inferred latch for "seg2[4]" at Timer24s.v(53) File: D:/QuartusProjects/20201127Timer24s/Timer24s.v Line: 53
Info (10041): Inferred latch for "seg2[5]" at Timer24s.v(53) File: D:/QuartusProjects/20201127Timer24s/Timer24s.v Line: 53
Info (10041): Inferred latch for "seg2[6]" at Timer24s.v(53) File: D:/QuartusProjects/20201127Timer24s/Timer24s.v Line: 53
Info (10041): Inferred latch for "seg2[7]" at Timer24s.v(53) File: D:/QuartusProjects/20201127Timer24s/Timer24s.v Line: 53
Info (10041): Inferred latch for "seg2[8]" at Timer24s.v(53) File: D:/QuartusProjects/20201127Timer24s/Timer24s.v Line: 53
Info (10041): Inferred latch for "seg1[0]" at Timer24s.v(53) File: D:/QuartusProjects/20201127Timer24s/Timer24s.v Line: 53
Info (10041): Inferred latch for "seg1[1]" at Timer24s.v(53) File: D:/QuartusProjects/20201127Timer24s/Timer24s.v Line: 53
Info (10041): Inferred latch for "seg1[2]" at Timer24s.v(53) File: D:/QuartusProjects/20201127Timer24s/Timer24s.v Line: 53
Info (10041): Inferred latch for "seg1[3]" at Timer24s.v(53) File: D:/QuartusProjects/20201127Timer24s/Timer24s.v Line: 53
Info (10041): Inferred latch for "seg1[4]" at Timer24s.v(53) File: D:/QuartusProjects/20201127Timer24s/Timer24s.v Line: 53
Info (10041): Inferred latch for "seg1[5]" at Timer24s.v(53) File: D:/QuartusProjects/20201127Timer24s/Timer24s.v Line: 53
Info (10041): Inferred latch for "seg1[6]" at Timer24s.v(53) File: D:/QuartusProjects/20201127Timer24s/Timer24s.v Line: 53
Info (10041): Inferred latch for "seg1[7]" at Timer24s.v(53) File: D:/QuartusProjects/20201127Timer24s/Timer24s.v Line: 53
Info (10041): Inferred latch for "seg1[8]" at Timer24s.v(53) File: D:/QuartusProjects/20201127Timer24s/Timer24s.v Line: 53
Info (13025): Duplicate LATCH primitives merged into single LATCH primitive
    Info (13026): Duplicate LATCH primitive "seg1[4]" merged with LATCH primitive "seg1[0]" File: D:/QuartusProjects/20201127Timer24s/Timer24s.v Line: 53
    Info (13026): Duplicate LATCH primitive "seg1[3]" merged with LATCH primitive "seg1[0]" File: D:/QuartusProjects/20201127Timer24s/Timer24s.v Line: 53
Warning (13012): Latch seg1[0] has unsafe behavior File: D:/QuartusProjects/20201127Timer24s/Timer24s.v Line: 53
    Warning (13013): Ports D and ENA on the latch are fed by the same signal Time[1] File: D:/QuartusProjects/20201127Timer24s/Timer24s.v Line: 31
Warning (13012): Latch seg1[2] has unsafe behavior File: D:/QuartusProjects/20201127Timer24s/Timer24s.v Line: 53
    Warning (13013): Ports D and ENA on the latch are fed by the same signal Time[4] File: D:/QuartusProjects/20201127Timer24s/Timer24s.v Line: 31
Warning (13012): Latch seg1[5] has unsafe behavior File: D:/QuartusProjects/20201127Timer24s/Timer24s.v Line: 53
    Warning (13013): Ports D and ENA on the latch are fed by the same signal Time[1] File: D:/QuartusProjects/20201127Timer24s/Timer24s.v Line: 31
Warning (13012): Latch seg1[6] has unsafe behavior File: D:/QuartusProjects/20201127Timer24s/Timer24s.v Line: 53
    Warning (13013): Ports D and ENA on the latch are fed by the same signal Time[4] File: D:/QuartusProjects/20201127Timer24s/Timer24s.v Line: 31
Warning (13012): Latch seg2[0] has unsafe behavior File: D:/QuartusProjects/20201127Timer24s/Timer24s.v Line: 53
    Warning (13013): Ports D and ENA on the latch are fed by the same signal Time[3] File: D:/QuartusProjects/20201127Timer24s/Timer24s.v Line: 31
Warning (13012): Latch seg2[1] has unsafe behavior File: D:/QuartusProjects/20201127Timer24s/Timer24s.v Line: 53
    Warning (13013): Ports D and ENA on the latch are fed by the same signal Time[4] File: D:/QuartusProjects/20201127Timer24s/Timer24s.v Line: 31
Warning (13012): Latch seg2[2] has unsafe behavior File: D:/QuartusProjects/20201127Timer24s/Timer24s.v Line: 53
    Warning (13013): Ports D and ENA on the latch are fed by the same signal Time[0] File: D:/QuartusProjects/20201127Timer24s/Timer24s.v Line: 31
Warning (13012): Latch seg2[3] has unsafe behavior File: D:/QuartusProjects/20201127Timer24s/Timer24s.v Line: 53
    Warning (13013): Ports D and ENA on the latch are fed by the same signal Time[4] File: D:/QuartusProjects/20201127Timer24s/Timer24s.v Line: 31
Warning (13012): Latch seg2[4] has unsafe behavior File: D:/QuartusProjects/20201127Timer24s/Timer24s.v Line: 53
    Warning (13013): Ports D and ENA on the latch are fed by the same signal Time[0] File: D:/QuartusProjects/20201127Timer24s/Timer24s.v Line: 31
Warning (13012): Latch seg2[5] has unsafe behavior File: D:/QuartusProjects/20201127Timer24s/Timer24s.v Line: 53
    Warning (13013): Ports D and ENA on the latch are fed by the same signal Time[0] File: D:/QuartusProjects/20201127Timer24s/Timer24s.v Line: 31
Warning (13012): Latch seg2[6] has unsafe behavior File: D:/QuartusProjects/20201127Timer24s/Timer24s.v Line: 53
    Warning (13013): Ports D and ENA on the latch are fed by the same signal Time[4] File: D:/QuartusProjects/20201127Timer24s/Timer24s.v Line: 31
Warning (13024): Output pins are stuck at VCC or GND
    Warning (13410): Pin "Seg1[1]" is stuck at VCC File: D:/QuartusProjects/20201127Timer24s/Timer24s.v Line: 7
    Warning (13410): Pin "Seg1[7]" is stuck at GND File: D:/QuartusProjects/20201127Timer24s/Timer24s.v Line: 7
    Warning (13410): Pin "Seg1[8]" is stuck at GND File: D:/QuartusProjects/20201127Timer24s/Timer24s.v Line: 7
    Warning (13410): Pin "Seg2[7]" is stuck at GND File: D:/QuartusProjects/20201127Timer24s/Timer24s.v Line: 7
    Warning (13410): Pin "Seg2[8]" is stuck at GND File: D:/QuartusProjects/20201127Timer24s/Timer24s.v Line: 7
Info (286030): Timing-Driven Synthesis is running
Info (144001): Generated suppressed messages file D:/QuartusProjects/20201127Timer24s/output_files/Timer24s.map.smsg
Info (16010): Generating hard_block partition "hard_block:auto_generated_inst"
    Info (16011): Adding 0 node(s), including 0 DDIO, 0 PLL, 0 transceiver and 0 LCELL
Warning (21074): Design contains 1 input pin(s) that do not drive logic
    Warning (15610): No output dependent on input pin "Reset" File: D:/QuartusProjects/20201127Timer24s/Timer24s.v Line: 5
Info (21057): Implemented 108 device resources after synthesis - the final resource count might be different
    Info (21058): Implemented 2 input pins
    Info (21059): Implemented 18 output pins
    Info (21061): Implemented 88 logic cells
Info: Quartus Prime Analysis & Synthesis was successful. 0 errors, 34 warnings
    Info: Peak virtual memory: 4809 megabytes
    Info: Processing ended: Fri Nov 27 21:25:45 2020
    Info: Elapsed time: 00:00:14
    Info: Total CPU time (on all processors): 00:00:31


+------------------------------------------+
; Analysis & Synthesis Suppressed Messages ;
+------------------------------------------+
The suppressed messages can be found in D:/QuartusProjects/20201127Timer24s/output_files/Timer24s.map.smsg.


