Flow report for CreateAProject
Wed Sep 16 15:55:28 2020
Quartus Prime Version 20.1.0 Build 711 06/05/2020 SJ Lite Edition


---------------------
; Table of Contents ;
---------------------
  1. Legal Notice
  2. Flow Summary
  3. Flow Settings
  4. Flow Non-Default Global Settings
  5. Flow Elapsed Time
  6. Flow OS Summary
  7. Flow Log
  8. Flow Messages
  9. Flow Suppressed Messages



----------------
; Legal Notice ;
----------------
Copyright (C) 2020  Intel Corporation. All rights reserved.
Your use of Intel Corporation's design tools, logic functions 
and other software and tools, and any partner logic 
functions, and any output files from any of the foregoing 
(including device programming or simulation files), and any 
associated documentation or information are expressly subject 
to the terms and conditions of the Intel Program License 
Subscription Agreement, the Intel Quartus Prime License Agreement,
the Intel FPGA IP License Agreement, or other applicable license
agreement, including, without limitation, that your use is for
the sole purpose of programming logic devices manufactured by
Intel and sold by Intel or its authorized distributors.  Please
refer to the applicable agreement for further details, at
https://fpgasoftware.intel.com/eula.



+----------------------------------------------------------------------------------+
; Flow Summary                                                                     ;
+------------------------------------+---------------------------------------------+
; Flow Status                        ; Successful - Wed Sep 16 15:55:28 2020       ;
; Quartus Prime Version              ; 20.1.0 Build 711 06/05/2020 SJ Lite Edition ;
; Revision Name                      ; CreateAProject                              ;
; Top-level Entity Name              ; LED_Shining                                 ;
; Family                             ; MAX 10                                      ;
; Device                             ; 10M02SCM153I7G                              ;
; Timing Models                      ; Final                                       ;
; Total logic elements               ; 51 / 2,304 ( 2 % )                          ;
;     Total combinational functions  ; 51 / 2,304 ( 2 % )                          ;
;     Dedicated logic registers      ; 26 / 2,304 ( 1 % )                          ;
; Total registers                    ; 26                                          ;
; Total pins                         ; 4 / 112 ( 4 % )                             ;
; Total virtual pins                 ; 0                                           ;
; Total memory bits                  ; 0 / 110,592 ( 0 % )                         ;
; Embedded Multiplier 9-bit elements ; 0 / 32 ( 0 % )                              ;
; Total PLLs                         ; 0 / 1 ( 0 % )                               ;
; UFM blocks                         ; 0 / 1 ( 0 % )                               ;
; ADC blocks                         ; 0                                           ;
+------------------------------------+---------------------------------------------+


+-----------------------------------------+
; Flow Settings                           ;
+-------------------+---------------------+
; Option            ; Setting             ;
+-------------------+---------------------+
; Start date & time ; 09/16/2020 15:54:25 ;
; Main task         ; Compilation         ;
; Revision Name     ; CreateAProject      ;
+-------------------+---------------------+


+-------------------------------------------------------------------------------------------------------------------------------------------------+
; Flow Non-Default Global Settings                                                                                                                ;
+-------------------------------------+----------------------------------------+----------------+-------------+-----------------------------------+
; Assignment Name                     ; Value                                  ; Default Value  ; Entity Name ; Section Id                        ;
+-------------------------------------+----------------------------------------+----------------+-------------+-----------------------------------+
; COMPILER_SIGNATURE_ID               ; 168202114534805.160024286403252        ; --             ; --          ; --                                ;
; EDA_GENERATE_FUNCTIONAL_NETLIST     ; Off                                    ; --             ; --          ; eda_board_design_timing           ;
; EDA_GENERATE_FUNCTIONAL_NETLIST     ; Off                                    ; --             ; --          ; eda_board_design_boundary_scan    ;
; EDA_GENERATE_FUNCTIONAL_NETLIST     ; Off                                    ; --             ; --          ; eda_board_design_signal_integrity ;
; EDA_GENERATE_FUNCTIONAL_NETLIST     ; Off                                    ; --             ; --          ; eda_board_design_symbol           ;
; EDA_OUTPUT_DATA_FORMAT              ; Verilog Hdl                            ; --             ; --          ; eda_simulation                    ;
; EDA_SIMULATION_TOOL                 ; ModelSim-Altera (Verilog)              ; <None>         ; --          ; --                                ;
; EDA_TIME_SCALE                      ; 1 ps                                   ; --             ; --          ; eda_simulation                    ;
; FLOW_ENABLE_POWER_ANALYZER          ; On                                     ; Off            ; --          ; --                                ;
; MAX_CORE_JUNCTION_TEMP              ; 100                                    ; --             ; --          ; --                                ;
; MIN_CORE_JUNCTION_TEMP              ; -40                                    ; --             ; --          ; --                                ;
; OUTPUT_IO_TIMING_FAR_END_VMEAS      ; Half Signal Swing                      ; --             ; --          ; --                                ;
; OUTPUT_IO_TIMING_FAR_END_VMEAS      ; Half Signal Swing                      ; --             ; --          ; --                                ;
; OUTPUT_IO_TIMING_NEAR_END_VMEAS     ; Half Vccio                             ; --             ; --          ; --                                ;
; OUTPUT_IO_TIMING_NEAR_END_VMEAS     ; Half Vccio                             ; --             ; --          ; --                                ;
; PARTITION_COLOR                     ; -- (Not supported for targeted family) ; --             ; LED_Shining ; Top                               ;
; PARTITION_FITTER_PRESERVATION_LEVEL ; -- (Not supported for targeted family) ; --             ; LED_Shining ; Top                               ;
; PARTITION_NETLIST_TYPE              ; -- (Not supported for targeted family) ; --             ; LED_Shining ; Top                               ;
; POWER_BOARD_THERMAL_MODEL           ; None (CONSERVATIVE)                    ; --             ; --          ; --                                ;
; POWER_DEFAULT_INPUT_IO_TOGGLE_RATE  ; 12.5 %                                 ; 12.5%          ; --          ; --                                ;
; POWER_PRESET_COOLING_SOLUTION       ; 23 MM HEAT SINK WITH 200 LFPM AIRFLOW  ; --             ; --          ; --                                ;
; PROJECT_OUTPUT_DIRECTORY            ; output_files                           ; --             ; --          ; --                                ;
; TOP_LEVEL_ENTITY                    ; LED_Shining                            ; CreateAProject ; --          ; --                                ;
+-------------------------------------+----------------------------------------+----------------+-------------+-----------------------------------+


+--------------------------------------------------------------------------------------------------------------------------+
; Flow Elapsed Time                                                                                                        ;
+----------------------+--------------+-------------------------+---------------------+------------------------------------+
; Module Name          ; Elapsed Time ; Average Processors Used ; Peak Virtual Memory ; Total CPU Time (on all processors) ;
+----------------------+--------------+-------------------------+---------------------+------------------------------------+
; Analysis & Synthesis ; 00:00:09     ; 1.0                     ; 4808 MB             ; 00:00:19                           ;
; Fitter               ; 00:00:18     ; 1.0                     ; 5690 MB             ; 00:00:05                           ;
; Assembler            ; 00:00:03     ; 1.0                     ; 4710 MB             ; 00:00:01                           ;
; Power Analyzer       ; 00:00:09     ; 1.0                     ; 4863 MB             ; 00:00:05                           ;
; Timing Analyzer      ; 00:00:05     ; 1.0                     ; 4826 MB             ; 00:00:04                           ;
; EDA Netlist Writer   ; 00:00:02     ; 1.0                     ; 4664 MB             ; 00:00:02                           ;
; Total                ; 00:00:46     ; --                      ; --                  ; 00:00:36                           ;
+----------------------+--------------+-------------------------+---------------------+------------------------------------+


+------------------------------------------------------------------------------------+
; Flow OS Summary                                                                    ;
+----------------------+------------------+------------+------------+----------------+
; Module Name          ; Machine Hostname ; OS Name    ; OS Version ; Processor type ;
+----------------------+------------------+------------+------------+----------------+
; Analysis & Synthesis ; LAPTOP-VVRUEGD2  ; Windows 10 ; 10.0       ; x86_64         ;
; Fitter               ; LAPTOP-VVRUEGD2  ; Windows 10 ; 10.0       ; x86_64         ;
; Assembler            ; LAPTOP-VVRUEGD2  ; Windows 10 ; 10.0       ; x86_64         ;
; Power Analyzer       ; LAPTOP-VVRUEGD2  ; Windows 10 ; 10.0       ; x86_64         ;
; Timing Analyzer      ; LAPTOP-VVRUEGD2  ; Windows 10 ; 10.0       ; x86_64         ;
; EDA Netlist Writer   ; LAPTOP-VVRUEGD2  ; Windows 10 ; 10.0       ; x86_64         ;
+----------------------+------------------+------------+------------+----------------+


------------
; Flow Log ;
------------
quartus_map --read_settings_files=on --write_settings_files=off CreateAProject -c CreateAProject
quartus_fit --read_settings_files=off --write_settings_files=off CreateAProject -c CreateAProject
quartus_asm --read_settings_files=off --write_settings_files=off CreateAProject -c CreateAProject
quartus_pow --read_settings_files=off --write_settings_files=off CreateAProject -c CreateAProject
quartus_sta CreateAProject -c CreateAProject
quartus_eda --read_settings_files=off --write_settings_files=off CreateAProject -c CreateAProject



